<?xml version="1.0" encoding="utf-8"?><testsuites name="pytest tests"><testsuite name="pytest" errors="0" failures="0" skipped="0" tests="23" time="5.852" timestamp="2026-07-23T19:22:13.049774+00:00" hostname="agent-env-20c5a955-8f2b-443c-a54b-37395fcece1a"><testcase classname="tests.backend_test" name="test_root" time="0.273" /><testcase classname="tests.backend_test" name="test_admin_login" time="0.384" /><testcase classname="tests.backend_test" name="test_user_login" time="0.272" /><testcase classname="tests.backend_test" name="test_me_admin" time="0.118" /><testcase classname="tests.backend_test" name="test_register_new_user" time="0.375" /><testcase classname="tests.backend_test" name="test_register_admin_role" time="0.378" /><testcase classname="tests.backend_test" name="test_login_invalid" time="0.173" /><testcase classname="tests.backend_test" name="test_list_properties_seeded" time="0.102" /><testcase classname="tests.backend_test" name="test_filter_rent" time="0.100" /><testcase classname="tests.backend_test" name="test_filter_beds" time="0.145" /><testcase classname="tests.backend_test" name="test_filter_price" time="0.114" /><testcase classname="tests.backend_test" name="test_filter_search_q" time="0.140" /><testcase classname="tests.backend_test" name="test_get_property_detail" time="0.211" /><testcase classname="tests.backend_test" name="test_get_property_404" time="0.159" /><testcase classname="tests.backend_test" name="test_admin_property_crud" time="0.574" /><testcase classname="tests.backend_test" name="test_non_admin_cannot_create" time="0.108" /><testcase classname="tests.backend_test" name="test_unauth_cannot_create" time="0.155" /><testcase classname="tests.backend_test" name="test_favorites_flow" time="0.611" /><testcase classname="tests.backend_test" name="test_inquiry_anonymous" time="0.236" /><testcase classname="tests.backend_test" name="test_inquiry_user_and_mine" time="0.323" /><testcase classname="tests.backend_test" name="test_admin_list_inquiries" time="0.111" /><testcase classname="tests.backend_test" name="test_user_cannot_list_all_inquiries" time="0.129" /><testcase classname="tests.backend_test" name="test_admin_stats" time="0.128" /></testsuite></testsuites>