<?xml version="1.0" encoding="utf-8"?><testsuites name="pytest tests"><testsuite name="pytest" errors="0" failures="0" skipped="0" tests="23" time="5.839" timestamp="2026-07-23T19:56:15.462045+00:00" hostname="agent-env-20c5a955-8f2b-443c-a54b-37395fcece1a"><testcase classname="tests.backend_test" name="test_root" time="0.293" /><testcase classname="tests.backend_test" name="test_admin_login" time="0.414" /><testcase classname="tests.backend_test" name="test_user_login" time="0.287" /><testcase classname="tests.backend_test" name="test_me_admin" time="0.186" /><testcase classname="tests.backend_test" name="test_register_new_user" time="0.330" /><testcase classname="tests.backend_test" name="test_register_admin_role" time="0.364" /><testcase classname="tests.backend_test" name="test_login_invalid" time="0.103" /><testcase classname="tests.backend_test" name="test_list_properties_seeded" time="0.134" /><testcase classname="tests.backend_test" name="test_filter_rent" time="0.149" /><testcase classname="tests.backend_test" name="test_filter_beds" time="0.142" /><testcase classname="tests.backend_test" name="test_filter_price" time="0.113" /><testcase classname="tests.backend_test" name="test_filter_search_q" time="0.139" /><testcase classname="tests.backend_test" name="test_get_property_detail" time="0.218" /><testcase classname="tests.backend_test" name="test_get_property_404" time="0.103" /><testcase classname="tests.backend_test" name="test_admin_property_crud" time="0.539" /><testcase classname="tests.backend_test" name="test_non_admin_cannot_create" time="0.145" /><testcase classname="tests.backend_test" name="test_unauth_cannot_create" time="0.103" /><testcase classname="tests.backend_test" name="test_favorites_flow" time="0.573" /><testcase classname="tests.backend_test" name="test_inquiry_anonymous" time="0.233" /><testcase classname="tests.backend_test" name="test_inquiry_user_and_mine" time="0.383" /><testcase classname="tests.backend_test" name="test_admin_list_inquiries" time="0.118" /><testcase classname="tests.backend_test" name="test_user_cannot_list_all_inquiries" time="0.137" /><testcase classname="tests.backend_test" name="test_admin_stats" time="0.106" /></testsuite></testsuites>